<?xml version="1.0" encoding="UTF-8"?>
<testng-results ignored="0" total="1" passed="1" failed="0" skipped="0">
  <reporter-output>
  </reporter-output>
  <suite started-at="2025-01-15T12:17:53 PST" name="Default suite" finished-at="2025-01-15T12:18:06 PST" duration-ms="12629">
    <groups>
    </groups>
    <test started-at="2025-01-15T12:17:53 PST" name="Default test" finished-at="2025-01-15T12:18:06 PST" duration-ms="12629">
      <class name="textclass.courseboxtextclass">
        <test-method is-config="true" signature="launchurlmethods()[pri:0, instance:textclass.courseboxtextclass@1573f9fc]" started-at="2025-01-15T12:17:53 PST" name="launchurlmethods" finished-at="2025-01-15T12:18:05 PST" duration-ms="11876" status="PASS">
          <reporter-output>
          </reporter-output>
        </test-method> <!-- launchurlmethods -->
        <test-method signature="methods()[pri:0, instance:textclass.courseboxtextclass@1573f9fc]" started-at="2025-01-15T12:18:05 PST" name="methods" finished-at="2025-01-15T12:18:06 PST" duration-ms="645" status="PASS">
          <reporter-output>
          </reporter-output>
        </test-method> <!-- methods -->
      </class> <!-- textclass.courseboxtextclass -->
    </test> <!-- Default test -->
  </suite> <!-- Default suite -->
</testng-results>
